<?xml version="1.0" encoding="UTF-8"?>
<!-- Generated by org.testng.reporters.JUnitXMLReporter -->
<testsuite ignored="0" hostname="JuDaEmMaNuEl" failures="0" tests="4" name="Test" time="17.155" errors="0" timestamp="2025-02-12T00:34:43 IST">
  <testcase classname="com.testcases.LoginTest" name="loginTest" time="1.234"/>
  <testcase classname="com.testcases.LoginTest" name="loginTest" time="1.249"/>
  <testcase classname="com.testcases.LoginTest" name="loginTest" time="0.995"/>
  <testcase classname="com.testcases.LoginTest" name="loginTest" time="1.041"/>
</testsuite> <!-- Test -->
