<?xml version="1.0" encoding="UTF-8"?>
<testng-results ignored="0" total="4" passed="4" failed="0" skipped="0">
  <reporter-output>
  </reporter-output>
  <suite started-at="2025-02-12T00:34:26 IST" name="Suite" finished-at="2025-02-12T00:34:43 IST" duration-ms="17155">
    <groups>
    </groups>
    <test started-at="2025-02-12T00:34:26 IST" name="Test" finished-at="2025-02-12T00:34:43 IST" duration-ms="17155">
      <class name="com.testcases.LoginTest">
        <test-method is-config="true" signature="setupExtent()[pri:0, instance:com.testcases.LoginTest@623a8092]" started-at="2025-02-12T00:34:25 IST" name="setupExtent" finished-at="2025-02-12T00:34:26 IST" duration-ms="213" status="PASS">
          <reporter-output>
          </reporter-output>
        </test-method> <!-- setupExtent -->
        <test-method is-config="true" signature="setUp(java.lang.String)[pri:0, instance:com.testcases.LoginTest@623a8092]" started-at="2025-02-12T00:34:27 IST" name="setUp" finished-at="2025-02-12T00:34:30 IST" duration-ms="2920" status="PASS">
          <params>
            <param index="0">
              <value>
                <![CDATA[chrome]]>
              </value>
            </param>
          </params>
          <reporter-output>
          </reporter-output>
        </test-method> <!-- setUp -->
        <test-method signature="loginTest(java.lang.String,java.lang.String,java.lang.String)[pri:0, instance:com.testcases.LoginTest@623a8092]" started-at="2025-02-12T00:34:30 IST" name="loginTest" data-provider="LoginData" finished-at="2025-02-12T00:34:31 IST" duration-ms="1234" status="PASS">
          <params>
            <param index="0">
              <value>
                <![CDATA[JudaEmmanuel]]>
              </value>
            </param>
            <param index="1">
              <value>
                <![CDATA[Apria@2020]]>
              </value>
            </param>
            <param index="2">
              <value>
                <![CDATA[Valid]]>
              </value>
            </param>
          </params>
          <reporter-output>
          </reporter-output>
        </test-method> <!-- loginTest -->
        <test-method is-config="true" signature="tearDown(org.testng.ITestResult)[pri:0, instance:com.testcases.LoginTest@623a8092]" started-at="2025-02-12T00:34:31 IST" name="tearDown" finished-at="2025-02-12T00:34:31 IST" duration-ms="635" status="PASS">
          <params>
            <param index="0">
              <value>
                <![CDATA[[TestResult name=loginTest status=SUCCESS method=LoginTest.loginTest(java.lang.String,java.lang.String,java.lang.String)[pri:0, instance:com.testcases.LoginTest@623a8092] output={null}]]]>
              </value>
            </param>
          </params>
          <reporter-output>
          </reporter-output>
        </test-method> <!-- tearDown -->
        <test-method is-config="true" signature="setUp(java.lang.String)[pri:0, instance:com.testcases.LoginTest@623a8092]" started-at="2025-02-12T00:34:31 IST" name="setUp" finished-at="2025-02-12T00:34:34 IST" duration-ms="2171" status="PASS">
          <params>
            <param index="0">
              <value>
                <![CDATA[chrome]]>
              </value>
            </param>
          </params>
          <reporter-output>
          </reporter-output>
        </test-method> <!-- setUp -->
        <test-method signature="loginTest(java.lang.String,java.lang.String,java.lang.String)[pri:0, instance:com.testcases.LoginTest@623a8092]" started-at="2025-02-12T00:34:34 IST" name="loginTest" data-provider="LoginData" finished-at="2025-02-12T00:34:35 IST" duration-ms="1249" status="PASS">
          <params>
            <param index="0">
              <value>
                <![CDATA[DanielEbinazer]]>
              </value>
            </param>
            <param index="1">
              <value>
                <![CDATA[Apria@2020]]>
              </value>
            </param>
            <param index="2">
              <value>
                <![CDATA[Invalid Login details or Your Password might have expired.]]>
              </value>
            </param>
          </params>
          <reporter-output>
          </reporter-output>
        </test-method> <!-- loginTest -->
        <test-method is-config="true" signature="tearDown(org.testng.ITestResult)[pri:0, instance:com.testcases.LoginTest@623a8092]" started-at="2025-02-12T00:34:35 IST" name="tearDown" finished-at="2025-02-12T00:34:35 IST" duration-ms="487" status="PASS">
          <params>
            <param index="0">
              <value>
                <![CDATA[[TestResult name=loginTest status=SUCCESS method=LoginTest.loginTest(java.lang.String,java.lang.String,java.lang.String)[pri:0, instance:com.testcases.LoginTest@623a8092] output={null}]]]>
              </value>
            </param>
          </params>
          <reporter-output>
          </reporter-output>
        </test-method> <!-- tearDown -->
        <test-method is-config="true" signature="setUp(java.lang.String)[pri:0, instance:com.testcases.LoginTest@623a8092]" started-at="2025-02-12T00:34:35 IST" name="setUp" finished-at="2025-02-12T00:34:38 IST" duration-ms="2193" status="PASS">
          <params>
            <param index="0">
              <value>
                <![CDATA[chrome]]>
              </value>
            </param>
          </params>
          <reporter-output>
          </reporter-output>
        </test-method> <!-- setUp -->
        <test-method signature="loginTest(java.lang.String,java.lang.String,java.lang.String)[pri:0, instance:com.testcases.LoginTest@623a8092]" started-at="2025-02-12T00:34:38 IST" name="loginTest" data-provider="LoginData" finished-at="2025-02-12T00:34:39 IST" duration-ms="995" status="PASS">
          <params>
            <param index="0">
              <value>
                <![CDATA[]]>
              </value>
            </param>
            <param index="1">
              <value>
                <![CDATA[InvalidPassword]]>
              </value>
            </param>
            <param index="2">
              <value>
                <![CDATA[Enter Username]]>
              </value>
            </param>
          </params>
          <reporter-output>
          </reporter-output>
        </test-method> <!-- loginTest -->
        <test-method is-config="true" signature="tearDown(org.testng.ITestResult)[pri:0, instance:com.testcases.LoginTest@623a8092]" started-at="2025-02-12T00:34:39 IST" name="tearDown" finished-at="2025-02-12T00:34:39 IST" duration-ms="515" status="PASS">
          <params>
            <param index="0">
              <value>
                <![CDATA[[TestResult name=loginTest status=SUCCESS method=LoginTest.loginTest(java.lang.String,java.lang.String,java.lang.String)[pri:0, instance:com.testcases.LoginTest@623a8092] output={null}]]]>
              </value>
            </param>
          </params>
          <reporter-output>
          </reporter-output>
        </test-method> <!-- tearDown -->
        <test-method is-config="true" signature="setUp(java.lang.String)[pri:0, instance:com.testcases.LoginTest@623a8092]" started-at="2025-02-12T00:34:39 IST" name="setUp" finished-at="2025-02-12T00:34:41 IST" duration-ms="2207" status="PASS">
          <params>
            <param index="0">
              <value>
                <![CDATA[chrome]]>
              </value>
            </param>
          </params>
          <reporter-output>
          </reporter-output>
        </test-method> <!-- setUp -->
        <test-method signature="loginTest(java.lang.String,java.lang.String,java.lang.String)[pri:0, instance:com.testcases.LoginTest@623a8092]" started-at="2025-02-12T00:34:41 IST" name="loginTest" data-provider="LoginData" finished-at="2025-02-12T00:34:42 IST" duration-ms="1041" status="PASS">
          <params>
            <param index="0">
              <value>
                <![CDATA[InvalidUsername]]>
              </value>
            </param>
            <param index="1">
              <value>
                <![CDATA[]]>
              </value>
            </param>
            <param index="2">
              <value>
                <![CDATA[Enter Password]]>
              </value>
            </param>
          </params>
          <reporter-output>
          </reporter-output>
        </test-method> <!-- loginTest -->
        <test-method is-config="true" signature="tearDown(org.testng.ITestResult)[pri:0, instance:com.testcases.LoginTest@623a8092]" started-at="2025-02-12T00:34:42 IST" name="tearDown" finished-at="2025-02-12T00:34:43 IST" duration-ms="537" status="PASS">
          <params>
            <param index="0">
              <value>
                <![CDATA[[TestResult name=loginTest status=SUCCESS method=LoginTest.loginTest(java.lang.String,java.lang.String,java.lang.String)[pri:0, instance:com.testcases.LoginTest@623a8092] output={null}]]]>
              </value>
            </param>
          </params>
          <reporter-output>
          </reporter-output>
        </test-method> <!-- tearDown -->
        <test-method is-config="true" signature="tearDownExtent()[pri:0, instance:com.testcases.LoginTest@623a8092]" started-at="2025-02-12T00:34:43 IST" name="tearDownExtent" finished-at="2025-02-12T00:34:43 IST" duration-ms="7" status="PASS">
          <reporter-output>
          </reporter-output>
        </test-method> <!-- tearDownExtent -->
      </class> <!-- com.testcases.LoginTest -->
    </test> <!-- Test -->
  </suite> <!-- Suite -->
</testng-results>
